Arguments: 
  /home/kian/.nvm/versions/node/v6.11.3/bin/node /home/kian/.yarn/bin/yarn.js install

PATH: 
  /home/kian/.yarn/bin:/usr/lib/ccache:/home/kian/.nvm/versions/node/v6.11.3/bin:/home/kian/.cargo/bin:/home/kian/bin:/usr/local/sbin:/usr/local/bin:/usr/sbin:/usr/bin:/sbin:/bin:/usr/games:/usr/local/games:/usr/lib/jvm/java-8-oracle/bin:/usr/lib/jvm/java-8-oracle/db/bin:/usr/lib/jvm/java-8-oracle/jre/bin

Yarn version: 
  1.3.2

Node version: 
  6.11.3

Platform: 
  linux x64

npm manifest: 
  {
    "name": "rareos-greeter-theme",
    "version": "0.1.0",
    "private": true,
    "dependencies": {
      "babel-core": "~6.26.0",
      "babel-loader": "~7.1.1",
      "babel-plugin-module-resolver": "^2.7.1",
      "babel-preset-es2015": "~6.24.1",
      "babel-preset-react": "^6.24.1",
      "babel-preset-stage-0": "^6.24.1",
      "react": "^16.2.0",
      "react-dom": "^16.2.0",
      "webpack": "~3.5.5"
    },
    "scripts": {
      "build": "./node_modules/.bin/webpack --progress --colors --optimize-minimize --env.production",
      "watch": "./node_modules/.bin/webpack --progress --colors --watch --env.development",
    }
  }

yarn manifest: 
  No manifest

Lockfile: 
  No lockfile

Trace: 
  SyntaxError: /home/kian/dev/rareos/greeter-theme/package.json: Unexpected token } in JSON at position 605
      at Object.parse (native)
      at /home/kian/.yarn/lib/cli.js:770:59
      at next (native)
      at step (/home/kian/.yarn/lib/cli.js:92:30)
      at /home/kian/.yarn/lib/cli.js:103:13
